Build started 8/30/2014 4:03:57 PM.
     1>Project "e:\Documents\Michiel\Programmeren\Marmalade\HelloWorld\build_helloworld_vc12x\HelloWorld_vc12x.vcxproj" on node 2 (Build target(s)).
     1>CustomBuild:
         Performing Custom Build Tools
         msg: option 'default-buildenv' overridden by command line
         C:\Marmalade\7.4\s3e\makefile_builder\mkb.py e:/Documents/Michiel/Programmeren/Marmalade/HelloWorld/HelloWorld.mkb --buildenv=VC12X --default-buildenv=vc12x --msvc-project
         Building project: e:/Documents/Michiel/Programmeren/Marmalade/HelloWorld/HelloWorld.mkb
         done
       ClCompile:
         C:\Marmalade\7.4\s3e\bin\CL.exe /c /Ic:/marmalade/7.4/s3e/h /Ic:/marmalade/7.4/s3e/h/ext /Ic:/marmalade/7.4/s3e/h/std /Ic:/marmalade/7.4/s3e/h/std/c++ /Ic:/marmalade/7.4/s3e/h/ext_legacy /Ic:/marmalade/7.4/s3e/h/legacy /I. /Z7 /nologo /W3 /WX- /MP /Od /Oy- /X /Gm- /EHsc /RTC1 /MTd /GS /Gy /fp:precise /Zc:wchar_t /Zc:forScope /Fo"Debug_HelloWorld_vc12x_gcc_arm\\" /Fd"Debug_HelloWorld_vc12x_gcc_arm\vc120.pdb" /Gd /TP /analyze- /errorReport:prompt /S3Eproject /J /Fe"s3e-custom-tool='c:/marmalade/7.4/s3e/gcc/win32/bin/arm-none-eabi-gcc.exe' tooltype=gcc_compiler -funsigned-char -fno-strict-aliasing -fno-stack-protector -fno-short-enums -fshort-wchar -Wall -fomit-frame-pointer -fmessage-length=0 -Wno-unused -Wno-parentheses -save-temps -ffunction-sections -mstructure-size-boundary=8 -march=armv6 -mfloat-abi=soft -mthumb-interwork -mword-relocations -Wno-switch -Wno-psabi -fvisibility=hidden -nostdinc -fPIC --cppflag=-Wno-reorder --cppflag=-fvisibility-inlines-hidden --cppflag=-fno-exceptions --cppflag=-nostdinc++ -g -O0 -gdwarf-2" /FD  /FI"e:\Documents\Michiel\Programmeren\Marmalade\HelloWorld\build_helloworld_vc12x\temp_defines_debug.h" ..\src\HelloWorld.cpp ..\src\Main.cpp ..\src\MainMenu.cpp
         ARM Compiling(GCC) e:\Documents\Michiel\Programmeren\Marmalade\HelloWorld\src\HelloWorld.cpp ...
         ARM Compiling(GCC) e:\Documents\Michiel\Programmeren\Marmalade\HelloWorld\src\Main.cpp ...
         ARM Compiling(GCC) e:\Documents\Michiel\Programmeren\Marmalade\HelloWorld\src\MainMenu.cpp ...
       Link:
         C:\Marmalade\7.4\s3e\bin\link.exe /ERRORREPORT:PROMPT /OUT:"Debug_HelloWorld_vc12x_gcc_arm\HelloWorld.s3e" /INCREMENTAL /NOLOGO /LIBPATH:c:/marmalade/7.4/s3e/lib/arm/v6/nofpu/soft /NODEFAULTLIB:libcmt /MANIFEST:NO /PDB:"Debug_HelloWorld_vc12x_gcc_arm\HelloWorld.pdb" /SUBSYSTEM:WINDOWS /OPT:NOREF /OPT:NOICF /TLBID:1 /DYNAMICBASE /NXCOMPAT /IMPLIB:"Debug_HelloWorld_vc12x_gcc_arm\HelloWorld.lib" /MACHINE:X86  /include:_IwMain /include:_raise /include:_DllEntryPoint@12 /force:multiple /COMMENT:"s3e-custom-tool='c:/marmalade/7.4/s3e/gcc/win32/bin/arm-none-eabi-g++.exe' tooltype=gcc_linker -Wl,--gc-sections -Wl,--as-needed -march=armv6 -mfloat-abi=soft -mthumb-interwork -pie -Wl,--entry=_IwMain -Wl,--no-enum-size-warning -Wl,-Tlinker_script -lc -lm -Wl,-Map='Debug_HelloWorld_vc12x_gcc_arm\/HelloWorld.map' -Wl,--start-group -ls3e_cpp_d -ls3e_d -ls3e_api -Wl,--end-group --plink:--arch=armv6 --plink:--compiler=rvct --plink:-u" /DLL Debug_HelloWorld_vc12x_gcc_arm\HelloWorld.obj
         Debug_HelloWorld_vc12x_gcc_arm\Main.obj
         Debug_HelloWorld_vc12x_gcc_arm\MainMenu.obj
         ARM Linking(GCC) ...
         HelloWorld_vc12x.vcxproj -> e:\Documents\Michiel\Programmeren\Marmalade\HelloWorld\build_helloworld_vc12x\Debug_HelloWorld_vc12x_gcc_arm\HelloWorld.s3e
       PostBuildEvent:
         echo C:\Marmalade\7.4\s3e\python\python.exe .\process_map.py "e:\Documents\Michiel\Programmeren\Marmalade\HelloWorld\build_helloworld_vc12x\Debug_HelloWorld_vc12x_gcc_arm\HelloWorld.s3e"
         chdir /d "c:\marmalade\7.4\s3e\tools"
         C:\Marmalade\7.4\s3e\python\python.exe .\process_map.py "e:\Documents\Michiel\Programmeren\Marmalade\HelloWorld\build_helloworld_vc12x\Debug_HelloWorld_vc12x_gcc_arm\HelloWorld.s3e"
         
         :VCEnd
         C:\Marmalade\7.4\s3e\python\python.exe .\process_map.py "e:\Documents\Michiel\Programmeren\Marmalade\HelloWorld\build_helloworld_vc12x\Debug_HelloWorld_vc12x_gcc_arm\HelloWorld.s3e"
     1>Done Building Project "e:\Documents\Michiel\Programmeren\Marmalade\HelloWorld\build_helloworld_vc12x\HelloWorld_vc12x.vcxproj" (Build target(s)).

Build succeeded.

Time Elapsed 00:00:02.93
