Build started 9/7/2014 5:14:42 PM.
     1>Project "E:\Documents\Michiel\Programmeren\Marmalade\HelloWorld\build_helloworld_vc12x\HelloWorld_vc12x.vcxproj" on node 2 (Build target(s)).
     1>CustomBuild:
         Performing Custom Build Tools
         msg: option 'default-buildenv' overridden by command line
         C:\Marmalade\7.4\s3e\makefile_builder\mkb.py e:/Documents/Michiel/Programmeren/Marmalade/HelloWorld/HelloWorld.mkb --buildenv=VC12X --test-assets Default --fake-vc-call --default-buildenv=vc12x --msvc-project
         Building project: e:/Documents/Michiel/Programmeren/Marmalade/HelloWorld/HelloWorld.mkb
         done
       ClCompile:
         C:\Marmalade\7.4\s3e\bin\CL.exe /c /Ic:/marmalade/7.4/s3e/h /Ic:/marmalade/7.4/s3e/h/ext /Ic:/marmalade/7.4/s3e/h/std /Ic:/marmalade/7.4/s3e/h/std/c++ /Ic:/marmalade/7.4/s3e/h/ext_legacy /Ic:/marmalade/7.4/s3e/h/legacy /I. /Zi /nologo /W3 /WX- /MP /O2 /Oi /Oy- /X /Gm- /EHsc /MT /GS /Gy /fp:precise /Zc:wchar_t /Zc:forScope /Fo"Release_HelloWorld_vc12x_x86\\" /Fd"Release_HelloWorld_vc12x_x86\vc120.pdb" /Gd /TP /analyze- /errorReport:prompt /S3Eproject /J /FI"e:\Documents\Michiel\Programmeren\Marmalade\HelloWorld\build_helloworld_vc12x\temp_defines_release.h" ..\src\HelloWorld.cpp ..\src\Main.cpp ..\src\MainMenu.cpp
         HelloWorld.cpp
         Main.cpp
         MainMenu.cpp
       Link:
         C:\Marmalade\7.4\s3e\bin\link.exe /ERRORREPORT:PROMPT /OUT:"Release_HelloWorld_vc12x_x86\HelloWorld.s86" /INCREMENTAL:NO /NOLOGO /LIBPATH:c:/marmalade/7.4/s3e/lib/x86 vc6_compat.lib s3e_cpp.lib s3e.lib s3e_api.lib /NODEFAULTLIB:libcmt /MANIFEST:NO /PDB:"Release_HelloWorld_vc12x_x86\HelloWorld.pdb" /SUBSYSTEM:WINDOWS /OPT:REF /OPT:ICF /TLBID:1 /ENTRY:"DllEntryPoint" /DYNAMICBASE /NXCOMPAT /IMPLIB:"Release_HelloWorld_vc12x_x86\HelloWorld.lib" /MACHINE:X86  /include:_IwMain /include:_raise /include:_DllEntryPoint@12 /force:multiple /DLL Release_HelloWorld_vc12x_x86\HelloWorld.obj
         Release_HelloWorld_vc12x_x86\Main.obj
         Release_HelloWorld_vc12x_x86\MainMenu.obj
     1>LIBCMTD.lib(strtoq.obj) : warning LNK4006: _strtof already defined in s3e.lib(iwcrt_common.obj); second definition ignored
            Creating library Release_HelloWorld_vc12x_x86\HelloWorld.lib and object Release_HelloWorld_vc12x_x86\HelloWorld.exp
     1>Release_HelloWorld_vc12x_x86\HelloWorld.s86 : warning LNK4088: image being generated due to /FORCE option; image may not run
         HelloWorld_vc12x.vcxproj -> E:\Documents\Michiel\Programmeren\Marmalade\HelloWorld\build_helloworld_vc12x\Release_HelloWorld_vc12x_x86\HelloWorld.s86
       PostBuildEvent:
         echo C:\Marmalade\7.4\s3e\python\python.exe .\process_map.py "E:\Documents\Michiel\Programmeren\Marmalade\HelloWorld\build_helloworld_vc12x\Release_HelloWorld_vc12x_x86\HelloWorld.s86"
         chdir /d "c:\marmalade\7.4\s3e\tools"
         C:\Marmalade\7.4\s3e\python\python.exe .\process_map.py "E:\Documents\Michiel\Programmeren\Marmalade\HelloWorld\build_helloworld_vc12x\Release_HelloWorld_vc12x_x86\HelloWorld.s86"
         echo "s3e_plink" -l "E:\Documents\Michiel\Programmeren\Marmalade\HelloWorld\build_helloworld_vc12x\Release_HelloWorld_vc12x_x86\HelloWorld.s86" 
         chdir /d "c:\marmalade\7.4\s3e\bin"
         "s3e_plink" -l "E:\Documents\Michiel\Programmeren\Marmalade\HelloWorld\build_helloworld_vc12x\Release_HelloWorld_vc12x_x86\HelloWorld.s86" 
         
         :VCEnd
         C:\Marmalade\7.4\s3e\python\python.exe .\process_map.py "E:\Documents\Michiel\Programmeren\Marmalade\HelloWorld\build_helloworld_vc12x\Release_HelloWorld_vc12x_x86\HelloWorld.s86"
         "s3e_plink" -l "E:\Documents\Michiel\Programmeren\Marmalade\HelloWorld\build_helloworld_vc12x\Release_HelloWorld_vc12x_x86\HelloWorld.s86" 
     1>Done Building Project "E:\Documents\Michiel\Programmeren\Marmalade\HelloWorld\build_helloworld_vc12x\HelloWorld_vc12x.vcxproj" (Build target(s)).

Build succeeded.

Time Elapsed 00:00:03.74
